Using pre-set license
Built from '2020.2/release' branch; Version is '2020.2.2f1 (068178b99f32) revision 426360'; Using compiler version '192528614'; Build Type 'Release'
OS: 'Windows 10 Pro; OS build 19042.867; Version 2009; 64bit' Language: 'en' Physical Memory: 32710 MB
BatchMode: 1, IsHumanControllingUs: 0, StartBugReporterOnCrash: 0, Is64bit: 1, IsPro: 0

 COMMAND LINE ARGUMENTS:
C:\Program Files\Unity\Hub\Editor\2020.2.2f1\Editor\Unity.exe
-adb2
-batchMode
-noUpm
-name
AssetImportWorker0
-projectPath
C:/Users/Rafael/Desktop/Proyecto Git/Project For Repo
-logFile
Logs/AssetImportWorker0.log
-srvPort
64230
Successfully changed project path to: C:/Users/Rafael/Desktop/Proyecto Git/Project For Repo
C:/Users/Rafael/Desktop/Proyecto Git/Project For Repo
Using Asset Import Pipeline V2.
Refreshing native plugins compatible for Editor in 22.56 ms, found 0 plugins.
Preloading 0 native plugins for Editor in 0.00 ms.
Initialize engine version: 2020.2.2f1 (068178b99f32)
[Subsystems] Discovering subsystems at path C:/Program Files/Unity/Hub/Editor/2020.2.2f1/Editor/Data/Resources/UnitySubsystems
[Subsystems] Discovering subsystems at path C:/Users/Rafael/Desktop/Proyecto Git/Project For Repo/Assets
GfxDevice: creating device client; threaded=0
Direct3D:
    Version:  Direct3D 11.0 [level 11.1]
    Renderer: NVIDIA GeForce GTX 1660 Ti (ID=0x2182)
    Vendor:   
    VRAM:     5991 MB
    Driver:   27.21.14.6089
Initialize mono
Mono path[0] = 'C:/Program Files/Unity/Hub/Editor/2020.2.2f1/Editor/Data/Managed'
Mono path[1] = 'C:/Program Files/Unity/Hub/Editor/2020.2.2f1/Editor/Data/MonoBleedingEdge/lib/mono/unityjit'
Mono config path = 'C:/Program Files/Unity/Hub/Editor/2020.2.2f1/Editor/Data/MonoBleedingEdge/etc'
Using monoOptions --debugger-agent=transport=dt_socket,embedding=1,server=y,suspend=n,address=127.0.0.1:56820
Begin MonoManager ReloadAssembly
Registering precompiled unity dll's ...
Register platform support module: C:/Program Files/Unity/Hub/Editor/2020.2.2f1/Editor/Data/PlaybackEngines/WindowsStandaloneSupport/UnityEditor.WindowsStandalone.Extensions.dll
Registered in 0.002200 seconds.
Native extension for WindowsStandalone target not found
Refreshing native plugins compatible for Editor in 24.11 ms, found 0 plugins.
Preloading 0 native plugins for Editor in 0.00 ms.
Invoked RoslynAnalysisRunner static constructor.
RoslynAnalysisRunner will not be running.
RoslynAnalysisRunner has terminated.
Mono: successfully reloaded assembly
- Completed reload, in  1.935 seconds
Platform modules already initialized, skipping
Registering precompiled user dll's ...
Registered in 0.000815 seconds.
Begin MonoManager ReloadAssembly
Native extension for WindowsStandalone target not found
Refreshing native plugins compatible for Editor in 0.19 ms, found 0 plugins.
Preloading 0 native plugins for Editor in 0.00 ms.
Invoked RoslynAnalysisRunner static constructor.
RoslynAnalysisRunner will not be running.
RoslynAnalysisRunner has terminated.
Mono: successfully reloaded assembly
- Completed reload, in  0.849 seconds
Platform modules already initialized, skipping
========================================================================
Worker process is ready to serve import requests
Launched and connected shader compiler UnityShaderCompiler.exe after 0.04 seconds
Refreshing native plugins compatible for Editor in 0.26 ms, found 0 plugins.
Preloading 0 native plugins for Editor in 0.00 ms.
Unloading 1104 Unused Serialized files (Serialized files now loaded: 0)
System memory in use before: 57.0 MB.
System memory in use after: 57.0 MB.

Unloading 10 unused Assets to reduce memory usage. Loaded Objects now: 1545.
Total: 2.214900 ms (FindLiveObjects: 0.366100 ms CreateObjectMapping: 0.050100 ms MarkObjects: 1.711200 ms  DeleteObjects: 0.085600 ms)

========================================================================
Received Import Request.
  path: Assets/Player.prefab
  artifactKey: Guid(0b908d8e4979bcc4a85cf8399cab88b1) Importer(815301076,1909f56bfc062723c751e8b465ee728b)
Start importing Assets/Player.prefab using Guid(0b908d8e4979bcc4a85cf8399cab88b1) Importer(815301076,1909f56bfc062723c751e8b465ee728b)  -> (artifact id: '5953ed7fe60a49a88c3c1d8157d86b05') in 0.113265 seconds
  Import took 0.116233 seconds .

========================================================================
Received Import Request.
  Time since last request: 13.498286 seconds.
  path: Assets/Scenes/Sphere Scene.unity
  artifactKey: Guid(8bf06808cdd9ea0469809ab7127742b9) Importer(815301076,1909f56bfc062723c751e8b465ee728b)
Start importing Assets/Scenes/Sphere Scene.unity using Guid(8bf06808cdd9ea0469809ab7127742b9) Importer(815301076,1909f56bfc062723c751e8b465ee728b)  -> (artifact id: 'd9932a8d601d38840e2253979fdedd55') in 0.006837 seconds
  Import took 0.009657 seconds .

========================================================================
Received Import Request.
  Time since last request: 0.526682 seconds.
  path: Assets/Scenes/Cube Scene.unity
  artifactKey: Guid(c681d34837af6ef4c94b21582c39ce7f) Importer(815301076,1909f56bfc062723c751e8b465ee728b)
Start importing Assets/Scenes/Cube Scene.unity using Guid(c681d34837af6ef4c94b21582c39ce7f) Importer(815301076,1909f56bfc062723c751e8b465ee728b)  -> (artifact id: '68281468b3cbc2f2dd7537ca3a97f209') in 0.006573 seconds
  Import took 0.009374 seconds .

AssetImportWorkerClient::OnTransportError - code=2 error=End of file
